running develop
running egg_info
creating jaka_zu12_tf_tools.egg-info
writing jaka_zu12_tf_tools.egg-info/PKG-INFO
writing dependency_links to jaka_zu12_tf_tools.egg-info/dependency_links.txt
writing entry points to jaka_zu12_tf_tools.egg-info/entry_points.txt
writing requirements to jaka_zu12_tf_tools.egg-info/requires.txt
writing top-level names to jaka_zu12_tf_tools.egg-info/top_level.txt
writing manifest file 'jaka_zu12_tf_tools.egg-info/SOURCES.txt'
reading manifest file 'jaka_zu12_tf_tools.egg-info/SOURCES.txt'
writing manifest file 'jaka_zu12_tf_tools.egg-info/SOURCES.txt'
running build_ext
Creating /workspaces/grasp_jaka_ws/install/jaka_zu12_tf_tools/lib/python3.10/site-packages/jaka-zu12-tf-tools.egg-link (link to .)
Installing joint_state_relay script to /workspaces/grasp_jaka_ws/install/jaka_zu12_tf_tools/lib/jaka_zu12_tf_tools

Installed /workspaces/grasp_jaka_ws/build/jaka_zu12_tf_tools
running symlink_data
creating /workspaces/grasp_jaka_ws/install/jaka_zu12_tf_tools/share/ament_index
creating /workspaces/grasp_jaka_ws/install/jaka_zu12_tf_tools/share/ament_index/resource_index
creating /workspaces/grasp_jaka_ws/install/jaka_zu12_tf_tools/share/ament_index/resource_index/packages
symbolically linking /workspaces/grasp_jaka_ws/build/jaka_zu12_tf_tools/resource/jaka_zu12_tf_tools -> /workspaces/grasp_jaka_ws/install/jaka_zu12_tf_tools/share/ament_index/resource_index/packages
symbolically linking /workspaces/grasp_jaka_ws/build/jaka_zu12_tf_tools/package.xml -> /workspaces/grasp_jaka_ws/install/jaka_zu12_tf_tools/share/jaka_zu12_tf_tools
creating /workspaces/grasp_jaka_ws/install/jaka_zu12_tf_tools/share/jaka_zu12_tf_tools/launch
symbolically linking /workspaces/grasp_jaka_ws/build/jaka_zu12_tf_tools/launch/jaka_zu12_rsp.launch.py -> /workspaces/grasp_jaka_ws/install/jaka_zu12_tf_tools/share/jaka_zu12_tf_tools/launch
creating /workspaces/grasp_jaka_ws/install/jaka_zu12_tf_tools/share/jaka_zu12_tf_tools/urdf
symbolically linking /workspaces/grasp_jaka_ws/build/jaka_zu12_tf_tools/urdf/jaka_zu12_with_camera.urdf.xacro -> /workspaces/grasp_jaka_ws/install/jaka_zu12_tf_tools/share/jaka_zu12_tf_tools/urdf
creating /workspaces/grasp_jaka_ws/install/jaka_zu12_tf_tools/share/jaka_zu12_tf_tools/config
symbolically linking /workspaces/grasp_jaka_ws/build/jaka_zu12_tf_tools/config/jaka_zu12_tf.yaml -> /workspaces/grasp_jaka_ws/install/jaka_zu12_tf_tools/share/jaka_zu12_tf_tools/config
