[0.681s] Invoking command in '/workspaces/grasp_jaka_ws/build/jaka_zu12_tf_tools': AMENT_PREFIX_PATH=/workspaces/grasp_jaka_ws/install/jaka_description:${AMENT_PREFIX_PATH} CMAKE_PREFIX_PATH=/workspaces/grasp_jaka_ws/install/jaka_description:${CMAKE_PREFIX_PATH} PYTHONPATH=/workspaces/grasp_jaka_ws/build/jaka_zu12_tf_tools/prefix_override:/usr/lib/python3/dist-packages/colcon_core/task/python/colcon_distutils_commands:/workspaces/grasp_jaka_ws/install/jaka_zu12_tf_tools/lib/python3.10/site-packages:${PYTHONPATH} /usr/bin/python3 -W ignore:setup.py install is deprecated -W ignore:easy_install command is deprecated setup.py develop --editable --build-directory /workspaces/grasp_jaka_ws/build/jaka_zu12_tf_tools/build --no-deps symlink_data
[0.909s] running develop
[1.042s] running egg_info
[1.042s] creating jaka_zu12_tf_tools.egg-info
[1.043s] writing jaka_zu12_tf_tools.egg-info/PKG-INFO
[1.043s] writing dependency_links to jaka_zu12_tf_tools.egg-info/dependency_links.txt
[1.043s] writing entry points to jaka_zu12_tf_tools.egg-info/entry_points.txt
[1.043s] writing requirements to jaka_zu12_tf_tools.egg-info/requires.txt
[1.043s] writing top-level names to jaka_zu12_tf_tools.egg-info/top_level.txt
[1.043s] writing manifest file 'jaka_zu12_tf_tools.egg-info/SOURCES.txt'
[1.044s] reading manifest file 'jaka_zu12_tf_tools.egg-info/SOURCES.txt'
[1.045s] writing manifest file 'jaka_zu12_tf_tools.egg-info/SOURCES.txt'
[1.046s] running build_ext
[1.046s] Creating /workspaces/grasp_jaka_ws/install/jaka_zu12_tf_tools/lib/python3.10/site-packages/jaka-zu12-tf-tools.egg-link (link to .)
[1.047s] Installing joint_state_relay script to /workspaces/grasp_jaka_ws/install/jaka_zu12_tf_tools/lib/jaka_zu12_tf_tools
[1.047s] 
[1.047s] Installed /workspaces/grasp_jaka_ws/build/jaka_zu12_tf_tools
[1.048s] running symlink_data
[1.048s] creating /workspaces/grasp_jaka_ws/install/jaka_zu12_tf_tools/share/ament_index
[1.048s] creating /workspaces/grasp_jaka_ws/install/jaka_zu12_tf_tools/share/ament_index/resource_index
[1.048s] creating /workspaces/grasp_jaka_ws/install/jaka_zu12_tf_tools/share/ament_index/resource_index/packages
[1.048s] symbolically linking /workspaces/grasp_jaka_ws/build/jaka_zu12_tf_tools/resource/jaka_zu12_tf_tools -> /workspaces/grasp_jaka_ws/install/jaka_zu12_tf_tools/share/ament_index/resource_index/packages
[1.048s] symbolically linking /workspaces/grasp_jaka_ws/build/jaka_zu12_tf_tools/package.xml -> /workspaces/grasp_jaka_ws/install/jaka_zu12_tf_tools/share/jaka_zu12_tf_tools
[1.048s] creating /workspaces/grasp_jaka_ws/install/jaka_zu12_tf_tools/share/jaka_zu12_tf_tools/launch
[1.049s] symbolically linking /workspaces/grasp_jaka_ws/build/jaka_zu12_tf_tools/launch/jaka_zu12_rsp.launch.py -> /workspaces/grasp_jaka_ws/install/jaka_zu12_tf_tools/share/jaka_zu12_tf_tools/launch
[1.049s] creating /workspaces/grasp_jaka_ws/install/jaka_zu12_tf_tools/share/jaka_zu12_tf_tools/urdf
[1.049s] symbolically linking /workspaces/grasp_jaka_ws/build/jaka_zu12_tf_tools/urdf/jaka_zu12_with_camera.urdf.xacro -> /workspaces/grasp_jaka_ws/install/jaka_zu12_tf_tools/share/jaka_zu12_tf_tools/urdf
[1.049s] creating /workspaces/grasp_jaka_ws/install/jaka_zu12_tf_tools/share/jaka_zu12_tf_tools/config
[1.049s] symbolically linking /workspaces/grasp_jaka_ws/build/jaka_zu12_tf_tools/config/jaka_zu12_tf.yaml -> /workspaces/grasp_jaka_ws/install/jaka_zu12_tf_tools/share/jaka_zu12_tf_tools/config
[1.079s] Invoked command in '/workspaces/grasp_jaka_ws/build/jaka_zu12_tf_tools' returned '0': AMENT_PREFIX_PATH=/workspaces/grasp_jaka_ws/install/jaka_description:${AMENT_PREFIX_PATH} CMAKE_PREFIX_PATH=/workspaces/grasp_jaka_ws/install/jaka_description:${CMAKE_PREFIX_PATH} PYTHONPATH=/workspaces/grasp_jaka_ws/build/jaka_zu12_tf_tools/prefix_override:/usr/lib/python3/dist-packages/colcon_core/task/python/colcon_distutils_commands:/workspaces/grasp_jaka_ws/install/jaka_zu12_tf_tools/lib/python3.10/site-packages:${PYTHONPATH} /usr/bin/python3 -W ignore:setup.py install is deprecated -W ignore:easy_install command is deprecated setup.py develop --editable --build-directory /workspaces/grasp_jaka_ws/build/jaka_zu12_tf_tools/build --no-deps symlink_data
