running develop
running egg_info
creating grasp_inference_pkg.egg-info
writing grasp_inference_pkg.egg-info/PKG-INFO
writing dependency_links to grasp_inference_pkg.egg-info/dependency_links.txt
writing entry points to grasp_inference_pkg.egg-info/entry_points.txt
writing requirements to grasp_inference_pkg.egg-info/requires.txt
writing top-level names to grasp_inference_pkg.egg-info/top_level.txt
writing manifest file 'grasp_inference_pkg.egg-info/SOURCES.txt'
reading manifest file 'grasp_inference_pkg.egg-info/SOURCES.txt'
writing manifest file 'grasp_inference_pkg.egg-info/SOURCES.txt'
running build_ext
Creating /workspaces/grasp_jaka_ws/install/grasp_inference_pkg/lib/python3.10/site-packages/grasp-inference-pkg.egg-link (link to .)
Installing grasp_node script to /workspaces/grasp_jaka_ws/install/grasp_inference_pkg/lib/grasp_inference_pkg
Installing gripper_exec script to /workspaces/grasp_jaka_ws/install/grasp_inference_pkg/lib/grasp_inference_pkg
Installing model_forward script to /workspaces/grasp_jaka_ws/install/grasp_inference_pkg/lib/grasp_inference_pkg

Installed /workspaces/grasp_jaka_ws/build/grasp_inference_pkg
running symlink_data
creating /workspaces/grasp_jaka_ws/install/grasp_inference_pkg/share/ament_index/resource_index/packages
symbolically linking /workspaces/grasp_jaka_ws/build/grasp_inference_pkg/resource/grasp_inference_pkg -> /workspaces/grasp_jaka_ws/install/grasp_inference_pkg/share/ament_index/resource_index/packages
symbolically linking /workspaces/grasp_jaka_ws/build/grasp_inference_pkg/package.xml -> /workspaces/grasp_jaka_ws/install/grasp_inference_pkg/share/grasp_inference_pkg
creating /workspaces/grasp_jaka_ws/install/grasp_inference_pkg/share/grasp_inference_pkg/models
symbolically linking /workspaces/grasp_jaka_ws/build/grasp_inference_pkg/models/best_yolo_s.pt -> /workspaces/grasp_jaka_ws/install/grasp_inference_pkg/share/grasp_inference_pkg/models
symbolically linking /workspaces/grasp_jaka_ws/build/grasp_inference_pkg/models/model_6600.pth -> /workspaces/grasp_jaka_ws/install/grasp_inference_pkg/share/grasp_inference_pkg/models
creating /workspaces/grasp_jaka_ws/install/grasp_inference_pkg/share/grasp_inference_pkg/launch
symbolically linking /workspaces/grasp_jaka_ws/build/grasp_inference_pkg/launch/grasp_inference.launch.py -> /workspaces/grasp_jaka_ws/install/grasp_inference_pkg/share/grasp_inference_pkg/launch
symbolically linking /workspaces/grasp_jaka_ws/build/grasp_inference_pkg/launch/grasp_inference_jaka.launch.py -> /workspaces/grasp_jaka_ws/install/grasp_inference_pkg/share/grasp_inference_pkg/launch
