[0.170s] [34mcolcon[0m [1;30mDEBUG[0m [32mCommand line arguments: ['/usr/bin/colcon', 'build', '--symlink-install', '--packages-select', 'jaka_zu12_tf_tools'][0m
[0.171s] [34mcolcon[0m [1;30mDEBUG[0m [32mParsed command line arguments: Namespace(log_base=None, log_level=None, verb_name='build', build_base='build', install_base='install', merge_install=False, symlink_install=True, test_result_base=None, continue_on_error=False, executor='parallel', parallel_workers=12, event_handlers=None, ignore_user_meta=False, metas=['./colcon.meta'], base_paths=['.'], packages_ignore=None, packages_ignore_regex=None, paths=None, packages_up_to=None, packages_up_to_regex=None, packages_above=None, packages_above_and_dependencies=None, packages_above_depth=None, packages_select_by_dep=None, packages_skip_by_dep=None, packages_skip_up_to=None, packages_select_build_failed=False, packages_skip_build_finished=False, packages_select_test_failures=False, packages_skip_test_passed=False, packages_select=['jaka_zu12_tf_tools'], packages_skip=None, packages_select_regex=None, packages_skip_regex=None, packages_start=None, packages_end=None, cmake_args=None, cmake_target=None, cmake_target_skip_unavailable=False, cmake_clean_cache=False, cmake_clean_first=False, cmake_force_configure=False, ament_cmake_args=None, catkin_cmake_args=None, catkin_skip_building_tests=False, mixin_files=None, mixin=None, verb_parser=<colcon_mixin.mixin.mixin_argument.MixinArgumentDecorator object at 0x73d0c32810c0>, verb_extension=<colcon_core.verb.build.BuildVerb object at 0x73d0c32806d0>, main=<bound method BuildVerb.main of <colcon_core.verb.build.BuildVerb object at 0x73d0c32806d0>>, mixin_verb=('build',))[0m
[0.523s] [34mcolcon.colcon_core.package_discovery[0m [1;30mLevel 1[0m discover_packages(colcon_meta) check parameters
[0.523s] [34mcolcon.colcon_core.package_discovery[0m [1;30mLevel 1[0m discover_packages(recursive) check parameters
[0.523s] [34mcolcon.colcon_core.package_discovery[0m [1;30mLevel 1[0m discover_packages(ignore) check parameters
[0.523s] [34mcolcon.colcon_core.package_discovery[0m [1;30mLevel 1[0m discover_packages(path) check parameters
[0.523s] [34mcolcon.colcon_core.package_discovery[0m [1;30mLevel 1[0m discover_packages(colcon_meta) discover
[0.523s] [34mcolcon.colcon_core.package_discovery[0m [1;30mLevel 1[0m discover_packages(recursive) discover
[0.523s] [34mcolcon.colcon_core.package_discovery[0m [1;30mINFO[0m Crawling recursively for packages in '/workspaces/grasp_jaka_ws'
[0.523s] [34mcolcon.colcon_core.package_identification[0m [1;30mLevel 1[0m _identify(.) by extensions ['ignore', 'ignore_ament_install']
[0.523s] [34mcolcon.colcon_core.package_identification[0m [1;30mLevel 1[0m _identify(.) by extension 'ignore'
[0.524s] [34mcolcon.colcon_core.package_identification[0m [1;30mLevel 1[0m _identify(.) by extension 'ignore_ament_install'
[0.524s] [34mcolcon.colcon_core.package_identification[0m [1;30mLevel 1[0m _identify(.) by extensions ['colcon_pkg']
[0.524s] [34mcolcon.colcon_core.package_identification[0m [1;30mLevel 1[0m _identify(.) by extension 'colcon_pkg'
[0.524s] [34mcolcon.colcon_core.package_identification[0m [1;30mLevel 1[0m _identify(.) by extensions ['colcon_meta']
[0.524s] [34mcolcon.colcon_core.package_identification[0m [1;30mLevel 1[0m _identify(.) by extension 'colcon_meta'
[0.524s] [34mcolcon.colcon_core.package_identification[0m [1;30mLevel 1[0m _identify(.) by extensions ['ros']
[0.524s] [34mcolcon.colcon_core.package_identification[0m [1;30mLevel 1[0m _identify(.) by extension 'ros'
[0.536s] [34mcolcon.colcon_core.package_identification[0m [1;30mLevel 1[0m _identify(.) by extensions ['cmake', 'python']
[0.536s] [34mcolcon.colcon_core.package_identification[0m [1;30mLevel 1[0m _identify(.) by extension 'cmake'
[0.536s] [34mcolcon.colcon_core.package_identification[0m [1;30mLevel 1[0m _identify(.) by extension 'python'
[0.536s] [34mcolcon.colcon_core.package_identification[0m [1;30mLevel 1[0m _identify(.) by extensions ['python_setup_py']
[0.536s] [34mcolcon.colcon_core.package_identification[0m [1;30mLevel 1[0m _identify(.) by extension 'python_setup_py'
[0.536s] [34mcolcon.colcon_core.package_identification[0m [1;30mLevel 1[0m _identify(build) by extensions ['ignore', 'ignore_ament_install']
[0.536s] [34mcolcon.colcon_core.package_identification[0m [1;30mLevel 1[0m _identify(build) by extension 'ignore'
[0.536s] [34mcolcon.colcon_core.package_identification[0m [1;30mLevel 1[0m _identify(build) ignored
[0.537s] [34mcolcon.colcon_core.package_identification[0m [1;30mLevel 1[0m _identify(debug_images) by extensions ['ignore', 'ignore_ament_install']
[0.537s] [34mcolcon.colcon_core.package_identification[0m [1;30mLevel 1[0m _identify(debug_images) by extension 'ignore'
[0.537s] [34mcolcon.colcon_core.package_identification[0m [1;30mLevel 1[0m _identify(debug_images) by extension 'ignore_ament_install'
[0.537s] [34mcolcon.colcon_core.package_identification[0m [1;30mLevel 1[0m _identify(debug_images) by extensions ['colcon_pkg']
[0.537s] [34mcolcon.colcon_core.package_identification[0m [1;30mLevel 1[0m _identify(debug_images) by extension 'colcon_pkg'
[0.537s] [34mcolcon.colcon_core.package_identification[0m [1;30mLevel 1[0m _identify(debug_images) by extensions ['colcon_meta']
[0.537s] [34mcolcon.colcon_core.package_identification[0m [1;30mLevel 1[0m _identify(debug_images) by extension 'colcon_meta'
[0.537s] [34mcolcon.colcon_core.package_identification[0m [1;30mLevel 1[0m _identify(debug_images) by extensions ['ros']
[0.537s] [34mcolcon.colcon_core.package_identification[0m [1;30mLevel 1[0m _identify(debug_images) by extension 'ros'
[0.537s] [34mcolcon.colcon_core.package_identification[0m [1;30mLevel 1[0m _identify(debug_images) by extensions ['cmake', 'python']
[0.537s] [34mcolcon.colcon_core.package_identification[0m [1;30mLevel 1[0m _identify(debug_images) by extension 'cmake'
[0.537s] [34mcolcon.colcon_core.package_identification[0m [1;30mLevel 1[0m _identify(debug_images) by extension 'python'
[0.537s] [34mcolcon.colcon_core.package_identification[0m [1;30mLevel 1[0m _identify(debug_images) by extensions ['python_setup_py']
[0.537s] [34mcolcon.colcon_core.package_identification[0m [1;30mLevel 1[0m _identify(debug_images) by extension 'python_setup_py'
[0.537s] [34mcolcon.colcon_core.package_identification[0m [1;30mLevel 1[0m _identify(install) by extensions ['ignore', 'ignore_ament_install']
[0.537s] [34mcolcon.colcon_core.package_identification[0m [1;30mLevel 1[0m _identify(install) by extension 'ignore'
[0.537s] [34mcolcon.colcon_core.package_identification[0m [1;30mLevel 1[0m _identify(install) ignored
[0.537s] [34mcolcon.colcon_core.package_identification[0m [1;30mLevel 1[0m _identify(log) by extensions ['ignore', 'ignore_ament_install']
[0.538s] [34mcolcon.colcon_core.package_identification[0m [1;30mLevel 1[0m _identify(log) by extension 'ignore'
[0.538s] [34mcolcon.colcon_core.package_identification[0m [1;30mLevel 1[0m _identify(log) ignored
[0.538s] [34mcolcon.colcon_core.package_identification[0m [1;30mLevel 1[0m _identify(scripts) by extensions ['ignore', 'ignore_ament_install']
[0.538s] [34mcolcon.colcon_core.package_identification[0m [1;30mLevel 1[0m _identify(scripts) by extension 'ignore'
[0.538s] [34mcolcon.colcon_core.package_identification[0m [1;30mLevel 1[0m _identify(scripts) by extension 'ignore_ament_install'
[0.538s] [34mcolcon.colcon_core.package_identification[0m [1;30mLevel 1[0m _identify(scripts) by extensions ['colcon_pkg']
[0.538s] [34mcolcon.colcon_core.package_identification[0m [1;30mLevel 1[0m _identify(scripts) by extension 'colcon_pkg'
[0.538s] [34mcolcon.colcon_core.package_identification[0m [1;30mLevel 1[0m _identify(scripts) by extensions ['colcon_meta']
[0.538s] [34mcolcon.colcon_core.package_identification[0m [1;30mLevel 1[0m _identify(scripts) by extension 'colcon_meta'
[0.538s] [34mcolcon.colcon_core.package_identification[0m [1;30mLevel 1[0m _identify(scripts) by extensions ['ros']
[0.538s] [34mcolcon.colcon_core.package_identification[0m [1;30mLevel 1[0m _identify(scripts) by extension 'ros'
[0.538s] [34mcolcon.colcon_core.package_identification[0m [1;30mLevel 1[0m _identify(scripts) by extensions ['cmake', 'python']
[0.538s] [34mcolcon.colcon_core.package_identification[0m [1;30mLevel 1[0m _identify(scripts) by extension 'cmake'
[0.538s] [34mcolcon.colcon_core.package_identification[0m [1;30mLevel 1[0m _identify(scripts) by extension 'python'
[0.538s] [34mcolcon.colcon_core.package_identification[0m [1;30mLevel 1[0m _identify(scripts) by extensions ['python_setup_py']
[0.538s] [34mcolcon.colcon_core.package_identification[0m [1;30mLevel 1[0m _identify(scripts) by extension 'python_setup_py'
[0.538s] [34mcolcon.colcon_core.package_identification[0m [1;30mLevel 1[0m _identify(src) by extensions ['ignore', 'ignore_ament_install']
[0.538s] [34mcolcon.colcon_core.package_identification[0m [1;30mLevel 1[0m _identify(src) by extension 'ignore'
[0.539s] [34mcolcon.colcon_core.package_identification[0m [1;30mLevel 1[0m _identify(src) by extension 'ignore_ament_install'
[0.539s] [34mcolcon.colcon_core.package_identification[0m [1;30mLevel 1[0m _identify(src) by extensions ['colcon_pkg']
[0.539s] [34mcolcon.colcon_core.package_identification[0m [1;30mLevel 1[0m _identify(src) by extension 'colcon_pkg'
[0.539s] [34mcolcon.colcon_core.package_identification[0m [1;30mLevel 1[0m _identify(src) by extensions ['colcon_meta']
[0.539s] [34mcolcon.colcon_core.package_identification[0m [1;30mLevel 1[0m _identify(src) by extension 'colcon_meta'
[0.539s] [34mcolcon.colcon_core.package_identification[0m [1;30mLevel 1[0m _identify(src) by extensions ['ros']
[0.539s] [34mcolcon.colcon_core.package_identification[0m [1;30mLevel 1[0m _identify(src) by extension 'ros'
[0.539s] [34mcolcon.colcon_core.package_identification[0m [1;30mLevel 1[0m _identify(src) by extensions ['cmake', 'python']
[0.539s] [34mcolcon.colcon_core.package_identification[0m [1;30mLevel 1[0m _identify(src) by extension 'cmake'
[0.539s] [34mcolcon.colcon_core.package_identification[0m [1;30mLevel 1[0m _identify(src) by extension 'python'
[0.539s] [34mcolcon.colcon_core.package_identification[0m [1;30mLevel 1[0m _identify(src) by extensions ['python_setup_py']
[0.539s] [34mcolcon.colcon_core.package_identification[0m [1;30mLevel 1[0m _identify(src) by extension 'python_setup_py'
[0.539s] [34mcolcon.colcon_core.package_identification[0m [1;30mLevel 1[0m _identify(src/dh_gripper_driver) by extensions ['ignore', 'ignore_ament_install']
[0.539s] [34mcolcon.colcon_core.package_identification[0m [1;30mLevel 1[0m _identify(src/dh_gripper_driver) by extension 'ignore'
[0.539s] [34mcolcon.colcon_core.package_identification[0m [1;30mLevel 1[0m _identify(src/dh_gripper_driver) by extension 'ignore_ament_install'
[0.539s] [34mcolcon.colcon_core.package_identification[0m [1;30mLevel 1[0m _identify(src/dh_gripper_driver) by extensions ['colcon_pkg']
[0.539s] [34mcolcon.colcon_core.package_identification[0m [1;30mLevel 1[0m _identify(src/dh_gripper_driver) by extension 'colcon_pkg'
[0.539s] [34mcolcon.colcon_core.package_identification[0m [1;30mLevel 1[0m _identify(src/dh_gripper_driver) by extensions ['colcon_meta']
[0.539s] [34mcolcon.colcon_core.package_identification[0m [1;30mLevel 1[0m _identify(src/dh_gripper_driver) by extension 'colcon_meta'
[0.539s] [34mcolcon.colcon_core.package_identification[0m [1;30mLevel 1[0m _identify(src/dh_gripper_driver) by extensions ['ros']
[0.539s] [34mcolcon.colcon_core.package_identification[0m [1;30mLevel 1[0m _identify(src/dh_gripper_driver) by extension 'ros'
[0.542s] [34mcolcon.colcon_core.package_identification[0m [1;30mDEBUG[0m [32mPackage 'src/dh_gripper_driver' with type 'ros.ament_cmake' and name 'dh_gripper_driver'[0m
[0.543s] [34mcolcon.colcon_core.package_identification[0m [1;30mLevel 1[0m _identify(src/grasp_inference_pkg) by extensions ['ignore', 'ignore_ament_install']
[0.543s] [34mcolcon.colcon_core.package_identification[0m [1;30mLevel 1[0m _identify(src/grasp_inference_pkg) by extension 'ignore'
[0.543s] [34mcolcon.colcon_core.package_identification[0m [1;30mLevel 1[0m _identify(src/grasp_inference_pkg) by extension 'ignore_ament_install'
[0.543s] [34mcolcon.colcon_core.package_identification[0m [1;30mLevel 1[0m _identify(src/grasp_inference_pkg) by extensions ['colcon_pkg']
[0.543s] [34mcolcon.colcon_core.package_identification[0m [1;30mLevel 1[0m _identify(src/grasp_inference_pkg) by extension 'colcon_pkg'
[0.543s] [34mcolcon.colcon_core.package_identification[0m [1;30mLevel 1[0m _identify(src/grasp_inference_pkg) by extensions ['colcon_meta']
[0.543s] [34mcolcon.colcon_core.package_identification[0m [1;30mLevel 1[0m _identify(src/grasp_inference_pkg) by extension 'colcon_meta'
[0.543s] [34mcolcon.colcon_core.package_identification[0m [1;30mLevel 1[0m _identify(src/grasp_inference_pkg) by extensions ['ros']
[0.543s] [34mcolcon.colcon_core.package_identification[0m [1;30mLevel 1[0m _identify(src/grasp_inference_pkg) by extension 'ros'
[0.544s] [34mcolcon.colcon_core.package_identification[0m [1;30mDEBUG[0m [32mPackage 'src/grasp_inference_pkg' with type 'ros.ament_python' and name 'grasp_inference_pkg'[0m
[0.544s] [34mcolcon.colcon_core.package_identification[0m [1;30mLevel 1[0m _identify(src/jaka_description) by extensions ['ignore', 'ignore_ament_install']
[0.544s] [34mcolcon.colcon_core.package_identification[0m [1;30mLevel 1[0m _identify(src/jaka_description) by extension 'ignore'
[0.544s] [34mcolcon.colcon_core.package_identification[0m [1;30mLevel 1[0m _identify(src/jaka_description) by extension 'ignore_ament_install'
[0.544s] [34mcolcon.colcon_core.package_identification[0m [1;30mLevel 1[0m _identify(src/jaka_description) by extensions ['colcon_pkg']
[0.544s] [34mcolcon.colcon_core.package_identification[0m [1;30mLevel 1[0m _identify(src/jaka_description) by extension 'colcon_pkg'
[0.544s] [34mcolcon.colcon_core.package_identification[0m [1;30mLevel 1[0m _identify(src/jaka_description) by extensions ['colcon_meta']
[0.544s] [34mcolcon.colcon_core.package_identification[0m [1;30mLevel 1[0m _identify(src/jaka_description) by extension 'colcon_meta'
[0.544s] [34mcolcon.colcon_core.package_identification[0m [1;30mLevel 1[0m _identify(src/jaka_description) by extensions ['ros']
[0.544s] [34mcolcon.colcon_core.package_identification[0m [1;30mLevel 1[0m _identify(src/jaka_description) by extension 'ros'
[0.545s] [34mcolcon.colcon_core.package_identification[0m [1;30mDEBUG[0m [32mPackage 'src/jaka_description' with type 'ros.ament_cmake' and name 'jaka_description'[0m
[0.545s] [34mcolcon.colcon_core.package_identification[0m [1;30mLevel 1[0m _identify(src/jaka_driver) by extensions ['ignore', 'ignore_ament_install']
[0.545s] [34mcolcon.colcon_core.package_identification[0m [1;30mLevel 1[0m _identify(src/jaka_driver) by extension 'ignore'
[0.545s] [34mcolcon.colcon_core.package_identification[0m [1;30mLevel 1[0m _identify(src/jaka_driver) by extension 'ignore_ament_install'
[0.545s] [34mcolcon.colcon_core.package_identification[0m [1;30mLevel 1[0m _identify(src/jaka_driver) by extensions ['colcon_pkg']
[0.545s] [34mcolcon.colcon_core.package_identification[0m [1;30mLevel 1[0m _identify(src/jaka_driver) by extension 'colcon_pkg'
[0.545s] [34mcolcon.colcon_core.package_identification[0m [1;30mLevel 1[0m _identify(src/jaka_driver) by extensions ['colcon_meta']
[0.546s] [34mcolcon.colcon_core.package_identification[0m [1;30mLevel 1[0m _identify(src/jaka_driver) by extension 'colcon_meta'
[0.546s] [34mcolcon.colcon_core.package_identification[0m [1;30mLevel 1[0m _identify(src/jaka_driver) by extensions ['ros']
[0.546s] [34mcolcon.colcon_core.package_identification[0m [1;30mLevel 1[0m _identify(src/jaka_driver) by extension 'ros'
[0.546s] [34mcolcon.colcon_core.package_identification[0m [1;30mDEBUG[0m [32mPackage 'src/jaka_driver' with type 'ros.ament_cmake' and name 'jaka_driver'[0m
[0.546s] [34mcolcon.colcon_core.package_identification[0m [1;30mLevel 1[0m _identify(src/jaka_msgs) by extensions ['ignore', 'ignore_ament_install']
[0.546s] [34mcolcon.colcon_core.package_identification[0m [1;30mLevel 1[0m _identify(src/jaka_msgs) by extension 'ignore'
[0.547s] [34mcolcon.colcon_core.package_identification[0m [1;30mLevel 1[0m _identify(src/jaka_msgs) by extension 'ignore_ament_install'
[0.547s] [34mcolcon.colcon_core.package_identification[0m [1;30mLevel 1[0m _identify(src/jaka_msgs) by extensions ['colcon_pkg']
[0.547s] [34mcolcon.colcon_core.package_identification[0m [1;30mLevel 1[0m _identify(src/jaka_msgs) by extension 'colcon_pkg'
[0.547s] [34mcolcon.colcon_core.package_identification[0m [1;30mLevel 1[0m _identify(src/jaka_msgs) by extensions ['colcon_meta']
[0.547s] [34mcolcon.colcon_core.package_identification[0m [1;30mLevel 1[0m _identify(src/jaka_msgs) by extension 'colcon_meta'
[0.547s] [34mcolcon.colcon_core.package_identification[0m [1;30mLevel 1[0m _identify(src/jaka_msgs) by extensions ['ros']
[0.547s] [34mcolcon.colcon_core.package_identification[0m [1;30mLevel 1[0m _identify(src/jaka_msgs) by extension 'ros'
[0.547s] [34mcolcon.colcon_core.package_identification[0m [1;30mDEBUG[0m [32mPackage 'src/jaka_msgs' with type 'ros.ament_cmake' and name 'jaka_msgs'[0m
[0.548s] [34mcolcon.colcon_core.package_identification[0m [1;30mLevel 1[0m _identify(src/jaka_tf_tools) by extensions ['ignore', 'ignore_ament_install']
[0.548s] [34mcolcon.colcon_core.package_identification[0m [1;30mLevel 1[0m _identify(src/jaka_tf_tools) by extension 'ignore'
[0.548s] [34mcolcon.colcon_core.package_identification[0m [1;30mLevel 1[0m _identify(src/jaka_tf_tools) by extension 'ignore_ament_install'
[0.548s] [34mcolcon.colcon_core.package_identification[0m [1;30mLevel 1[0m _identify(src/jaka_tf_tools) by extensions ['colcon_pkg']
[0.548s] [34mcolcon.colcon_core.package_identification[0m [1;30mLevel 1[0m _identify(src/jaka_tf_tools) by extension 'colcon_pkg'
[0.548s] [34mcolcon.colcon_core.package_identification[0m [1;30mLevel 1[0m _identify(src/jaka_tf_tools) by extensions ['colcon_meta']
[0.548s] [34mcolcon.colcon_core.package_identification[0m [1;30mLevel 1[0m _identify(src/jaka_tf_tools) by extension 'colcon_meta'
[0.548s] [34mcolcon.colcon_core.package_identification[0m [1;30mLevel 1[0m _identify(src/jaka_tf_tools) by extensions ['ros']
[0.548s] [34mcolcon.colcon_core.package_identification[0m [1;30mLevel 1[0m _identify(src/jaka_tf_tools) by extension 'ros'
[0.548s] [34mcolcon.colcon_core.package_identification[0m [1;30mDEBUG[0m [32mPackage 'src/jaka_tf_tools' with type 'ros.ament_python' and name 'jaka_tf_tools'[0m
[0.549s] [34mcolcon.colcon_core.package_identification[0m [1;30mLevel 1[0m _identify(src/jaka_zu12_tf_tools) by extensions ['ignore', 'ignore_ament_install']
[0.549s] [34mcolcon.colcon_core.package_identification[0m [1;30mLevel 1[0m _identify(src/jaka_zu12_tf_tools) by extension 'ignore'
[0.549s] [34mcolcon.colcon_core.package_identification[0m [1;30mLevel 1[0m _identify(src/jaka_zu12_tf_tools) by extension 'ignore_ament_install'
[0.549s] [34mcolcon.colcon_core.package_identification[0m [1;30mLevel 1[0m _identify(src/jaka_zu12_tf_tools) by extensions ['colcon_pkg']
[0.549s] [34mcolcon.colcon_core.package_identification[0m [1;30mLevel 1[0m _identify(src/jaka_zu12_tf_tools) by extension 'colcon_pkg'
[0.549s] [34mcolcon.colcon_core.package_identification[0m [1;30mLevel 1[0m _identify(src/jaka_zu12_tf_tools) by extensions ['colcon_meta']
[0.549s] [34mcolcon.colcon_core.package_identification[0m [1;30mLevel 1[0m _identify(src/jaka_zu12_tf_tools) by extension 'colcon_meta'
[0.549s] [34mcolcon.colcon_core.package_identification[0m [1;30mLevel 1[0m _identify(src/jaka_zu12_tf_tools) by extensions ['ros']
[0.549s] [34mcolcon.colcon_core.package_identification[0m [1;30mLevel 1[0m _identify(src/jaka_zu12_tf_tools) by extension 'ros'
[0.549s] [34mcolcon.colcon_core.package_identification[0m [1;30mDEBUG[0m [32mPackage 'src/jaka_zu12_tf_tools' with type 'ros.ament_python' and name 'jaka_zu12_tf_tools'[0m
[0.549s] [34mcolcon.colcon_core.package_identification[0m [1;30mLevel 1[0m _identify(tools) by extensions ['ignore', 'ignore_ament_install']
[0.550s] [34mcolcon.colcon_core.package_identification[0m [1;30mLevel 1[0m _identify(tools) by extension 'ignore'
[0.550s] [34mcolcon.colcon_core.package_identification[0m [1;30mLevel 1[0m _identify(tools) by extension 'ignore_ament_install'
[0.550s] [34mcolcon.colcon_core.package_identification[0m [1;30mLevel 1[0m _identify(tools) by extensions ['colcon_pkg']
[0.550s] [34mcolcon.colcon_core.package_identification[0m [1;30mLevel 1[0m _identify(tools) by extension 'colcon_pkg'
[0.550s] [34mcolcon.colcon_core.package_identification[0m [1;30mLevel 1[0m _identify(tools) by extensions ['colcon_meta']
[0.550s] [34mcolcon.colcon_core.package_identification[0m [1;30mLevel 1[0m _identify(tools) by extension 'colcon_meta'
[0.550s] [34mcolcon.colcon_core.package_identification[0m [1;30mLevel 1[0m _identify(tools) by extensions ['ros']
[0.550s] [34mcolcon.colcon_core.package_identification[0m [1;30mLevel 1[0m _identify(tools) by extension 'ros'
[0.550s] [34mcolcon.colcon_core.package_identification[0m [1;30mLevel 1[0m _identify(tools) by extensions ['cmake', 'python']
[0.550s] [34mcolcon.colcon_core.package_identification[0m [1;30mLevel 1[0m _identify(tools) by extension 'cmake'
[0.550s] [34mcolcon.colcon_core.package_identification[0m [1;30mLevel 1[0m _identify(tools) by extension 'python'
[0.550s] [34mcolcon.colcon_core.package_identification[0m [1;30mLevel 1[0m _identify(tools) by extensions ['python_setup_py']
[0.550s] [34mcolcon.colcon_core.package_identification[0m [1;30mLevel 1[0m _identify(tools) by extension 'python_setup_py'
[0.550s] [34mcolcon.colcon_core.package_discovery[0m [1;30mLevel 1[0m discover_packages(recursive) using defaults
[0.550s] [34mcolcon.colcon_core.package_discovery[0m [1;30mLevel 1[0m discover_packages(ignore) discover
[0.550s] [34mcolcon.colcon_core.package_discovery[0m [1;30mLevel 1[0m discover_packages(ignore) using defaults
[0.550s] [34mcolcon.colcon_core.package_discovery[0m [1;30mLevel 1[0m discover_packages(path) discover
[0.550s] [34mcolcon.colcon_core.package_discovery[0m [1;30mLevel 1[0m discover_packages(path) using defaults
[0.593s] [34mcolcon.colcon_core.package_selection[0m [1;30mINFO[0m Skipping not selected package 'dh_gripper_driver' in 'src/dh_gripper_driver'
[0.593s] [34mcolcon.colcon_core.package_selection[0m [1;30mINFO[0m Skipping not selected package 'grasp_inference_pkg' in 'src/grasp_inference_pkg'
[0.593s] [34mcolcon.colcon_core.package_selection[0m [1;30mINFO[0m Skipping not selected package 'jaka_description' in 'src/jaka_description'
[0.593s] [34mcolcon.colcon_core.package_selection[0m [1;30mINFO[0m Skipping not selected package 'jaka_msgs' in 'src/jaka_msgs'
[0.593s] [34mcolcon.colcon_core.package_selection[0m [1;30mINFO[0m Skipping not selected package 'jaka_tf_tools' in 'src/jaka_tf_tools'
[0.593s] [34mcolcon.colcon_core.package_selection[0m [1;30mINFO[0m Skipping not selected package 'jaka_driver' in 'src/jaka_driver'
[0.594s] [34mcolcon.colcon_core.verb[0m [1;30mLevel 5[0m set package 'jaka_zu12_tf_tools' build argument 'cmake_args' from command line to 'None'
[0.594s] [34mcolcon.colcon_core.verb[0m [1;30mLevel 5[0m set package 'jaka_zu12_tf_tools' build argument 'cmake_target' from command line to 'None'
[0.594s] [34mcolcon.colcon_core.verb[0m [1;30mLevel 5[0m set package 'jaka_zu12_tf_tools' build argument 'cmake_target_skip_unavailable' from command line to 'False'
[0.594s] [34mcolcon.colcon_core.verb[0m [1;30mLevel 5[0m set package 'jaka_zu12_tf_tools' build argument 'cmake_clean_cache' from command line to 'False'
[0.594s] [34mcolcon.colcon_core.verb[0m [1;30mLevel 5[0m set package 'jaka_zu12_tf_tools' build argument 'cmake_clean_first' from command line to 'False'
[0.594s] [34mcolcon.colcon_core.verb[0m [1;30mLevel 5[0m set package 'jaka_zu12_tf_tools' build argument 'cmake_force_configure' from command line to 'False'
[0.594s] [34mcolcon.colcon_core.verb[0m [1;30mLevel 5[0m set package 'jaka_zu12_tf_tools' build argument 'ament_cmake_args' from command line to 'None'
[0.594s] [34mcolcon.colcon_core.verb[0m [1;30mLevel 5[0m set package 'jaka_zu12_tf_tools' build argument 'catkin_cmake_args' from command line to 'None'
[0.594s] [34mcolcon.colcon_core.verb[0m [1;30mLevel 5[0m set package 'jaka_zu12_tf_tools' build argument 'catkin_skip_building_tests' from command line to 'False'
[0.594s] [34mcolcon.colcon_core.verb[0m [1;30mDEBUG[0m [32mBuilding package 'jaka_zu12_tf_tools' with the following arguments: {'ament_cmake_args': None, 'build_base': '/workspaces/grasp_jaka_ws/build/jaka_zu12_tf_tools', 'catkin_cmake_args': None, 'catkin_skip_building_tests': False, 'cmake_args': None, 'cmake_clean_cache': False, 'cmake_clean_first': False, 'cmake_force_configure': False, 'cmake_target': None, 'cmake_target_skip_unavailable': False, 'install_base': '/workspaces/grasp_jaka_ws/install/jaka_zu12_tf_tools', 'merge_install': False, 'path': '/workspaces/grasp_jaka_ws/src/jaka_zu12_tf_tools', 'symlink_install': True, 'test_result_base': None}[0m
[0.594s] [34mcolcon.colcon_core.executor[0m [1;30mINFO[0m Executing jobs using 'parallel' executor
[0.595s] [34mcolcon.colcon_parallel_executor.executor.parallel[0m [1;30mDEBUG[0m [32mrun_until_complete[0m
[0.596s] [34mcolcon.colcon_ros.task.ament_python.build[0m [1;30mINFO[0m Building ROS package in '/workspaces/grasp_jaka_ws/src/jaka_zu12_tf_tools' with build type 'ament_python'
[0.596s] [34mcolcon.colcon_core.shell[0m [1;30mLevel 1[0m create_environment_hook('jaka_zu12_tf_tools', 'ament_prefix_path')
[0.602s] [34mcolcon.colcon_core.plugin_system[0m [1;30mINFO[0m Skipping extension 'colcon_core.shell.bat': Not used on non-Windows systems
[0.603s] [34mcolcon.colcon_core.shell[0m [1;30mINFO[0m Creating environment hook '/workspaces/grasp_jaka_ws/install/jaka_zu12_tf_tools/share/jaka_zu12_tf_tools/hook/ament_prefix_path.ps1'
[0.604s] [34mcolcon.colcon_core.shell[0m [1;30mINFO[0m Creating environment descriptor '/workspaces/grasp_jaka_ws/install/jaka_zu12_tf_tools/share/jaka_zu12_tf_tools/hook/ament_prefix_path.dsv'
[0.605s] [34mcolcon.colcon_core.shell[0m [1;30mINFO[0m Creating environment hook '/workspaces/grasp_jaka_ws/install/jaka_zu12_tf_tools/share/jaka_zu12_tf_tools/hook/ament_prefix_path.sh'
[0.606s] [34mcolcon.colcon_core.shell[0m [1;30mINFO[0m Skip shell extension 'powershell' for command environment: Not usable outside of PowerShell
[0.606s] [34mcolcon.colcon_core.shell[0m [1;30mDEBUG[0m [32mSkip shell extension 'dsv' for command environment[0m
[0.915s] [34mcolcon.colcon_core.task.python.build[0m [1;30mINFO[0m Building Python package in '/workspaces/grasp_jaka_ws/src/jaka_zu12_tf_tools'
[0.915s] [34mcolcon.colcon_core.shell[0m [1;30mINFO[0m Skip shell extension 'powershell' for command environment: Not usable outside of PowerShell
[0.915s] [34mcolcon.colcon_core.shell[0m [1;30mDEBUG[0m [32mSkip shell extension 'dsv' for command environment[0m
[1.404s] [34mcolcon.colcon_core.event_handler.log_command[0m [1;30mDEBUG[0m [32mInvoking command in '/workspaces/grasp_jaka_ws/build/jaka_zu12_tf_tools': CMAKE_PREFIX_PATH=/workspaces/grasp_jaka_ws/install/jaka_description:/workspaces/grasp_jaka_ws/install/jaka_driver:/workspaces/grasp_jaka_ws/install/jaka_msgs:/workspaces/grasp_jaka_ws/install/dh_gripper_driver PYTHONPATH=/workspaces/grasp_jaka_ws/build/jaka_zu12_tf_tools/prefix_override:/usr/lib/python3/dist-packages/colcon_core/task/python/colcon_distutils_commands:/workspaces/grasp_jaka_ws/install/jaka_zu12_tf_tools/lib/python3.10/site-packages:${PYTHONPATH} /usr/bin/python3 -W ignore:setup.py install is deprecated -W ignore:easy_install command is deprecated setup.py develop --editable --build-directory /workspaces/grasp_jaka_ws/build/jaka_zu12_tf_tools/build --no-deps symlink_data[0m
[2.009s] [34mcolcon.colcon_core.shell[0m [1;30mLevel 1[0m create_environment_hook('jaka_zu12_tf_tools', 'pythonpath_develop')
[2.009s] [34mcolcon.colcon_core.event_handler.log_command[0m [1;30mDEBUG[0m [32mInvoked command in '/workspaces/grasp_jaka_ws/build/jaka_zu12_tf_tools' returned '0': CMAKE_PREFIX_PATH=/workspaces/grasp_jaka_ws/install/jaka_description:/workspaces/grasp_jaka_ws/install/jaka_driver:/workspaces/grasp_jaka_ws/install/jaka_msgs:/workspaces/grasp_jaka_ws/install/dh_gripper_driver PYTHONPATH=/workspaces/grasp_jaka_ws/build/jaka_zu12_tf_tools/prefix_override:/usr/lib/python3/dist-packages/colcon_core/task/python/colcon_distutils_commands:/workspaces/grasp_jaka_ws/install/jaka_zu12_tf_tools/lib/python3.10/site-packages:${PYTHONPATH} /usr/bin/python3 -W ignore:setup.py install is deprecated -W ignore:easy_install command is deprecated setup.py develop --editable --build-directory /workspaces/grasp_jaka_ws/build/jaka_zu12_tf_tools/build --no-deps symlink_data[0m
[2.010s] [34mcolcon.colcon_core.shell[0m [1;30mINFO[0m Creating environment hook '/workspaces/grasp_jaka_ws/build/jaka_zu12_tf_tools/share/jaka_zu12_tf_tools/hook/pythonpath_develop.ps1'
[2.012s] [34mcolcon.colcon_core.shell[0m [1;30mINFO[0m Creating environment descriptor '/workspaces/grasp_jaka_ws/build/jaka_zu12_tf_tools/share/jaka_zu12_tf_tools/hook/pythonpath_develop.dsv'
[2.013s] [34mcolcon.colcon_core.shell[0m [1;30mINFO[0m Creating environment hook '/workspaces/grasp_jaka_ws/build/jaka_zu12_tf_tools/share/jaka_zu12_tf_tools/hook/pythonpath_develop.sh'
[2.022s] [34mcolcon.colcon_core.environment[0m [1;30mLevel 1[0m checking '/workspaces/grasp_jaka_ws/install/jaka_zu12_tf_tools' for CMake module files
[2.022s] [34mcolcon.colcon_core.environment[0m [1;30mLevel 1[0m checking '/workspaces/grasp_jaka_ws/install/jaka_zu12_tf_tools' for CMake config files
[2.024s] [34mcolcon.colcon_core.environment[0m [1;30mLevel 1[0m checking '/workspaces/grasp_jaka_ws/install/jaka_zu12_tf_tools/lib'
[2.025s] [34mcolcon.colcon_core.environment[0m [1;30mLevel 1[0m checking '/workspaces/grasp_jaka_ws/install/jaka_zu12_tf_tools/bin'
[2.025s] [34mcolcon.colcon_core.environment[0m [1;30mLevel 1[0m checking '/workspaces/grasp_jaka_ws/install/jaka_zu12_tf_tools/lib/pkgconfig/jaka_zu12_tf_tools.pc'
[2.025s] [34mcolcon.colcon_core.environment[0m [1;30mLevel 1[0m checking '/workspaces/grasp_jaka_ws/install/jaka_zu12_tf_tools/lib/python3.10/site-packages'
[2.025s] [34mcolcon.colcon_core.shell[0m [1;30mLevel 1[0m create_environment_hook('jaka_zu12_tf_tools', 'pythonpath')
[2.026s] [34mcolcon.colcon_core.shell[0m [1;30mINFO[0m Creating environment hook '/workspaces/grasp_jaka_ws/install/jaka_zu12_tf_tools/share/jaka_zu12_tf_tools/hook/pythonpath.ps1'
[2.026s] [34mcolcon.colcon_core.shell[0m [1;30mINFO[0m Creating environment descriptor '/workspaces/grasp_jaka_ws/install/jaka_zu12_tf_tools/share/jaka_zu12_tf_tools/hook/pythonpath.dsv'
[2.028s] [34mcolcon.colcon_core.shell[0m [1;30mINFO[0m Creating environment hook '/workspaces/grasp_jaka_ws/install/jaka_zu12_tf_tools/share/jaka_zu12_tf_tools/hook/pythonpath.sh'
[2.029s] [34mcolcon.colcon_core.environment[0m [1;30mLevel 1[0m checking '/workspaces/grasp_jaka_ws/install/jaka_zu12_tf_tools/bin'
[2.029s] [34mcolcon.colcon_core.environment[0m [1;30mLevel 1[0m create_environment_scripts_only(jaka_zu12_tf_tools)
[2.030s] [34mcolcon.colcon_core.shell[0m [1;30mINFO[0m Creating package script '/workspaces/grasp_jaka_ws/install/jaka_zu12_tf_tools/share/jaka_zu12_tf_tools/package.ps1'
[2.031s] [34mcolcon.colcon_core.shell[0m [1;30mINFO[0m Creating package descriptor '/workspaces/grasp_jaka_ws/install/jaka_zu12_tf_tools/share/jaka_zu12_tf_tools/package.dsv'
[2.033s] [34mcolcon.colcon_core.shell[0m [1;30mINFO[0m Creating package script '/workspaces/grasp_jaka_ws/install/jaka_zu12_tf_tools/share/jaka_zu12_tf_tools/package.sh'
[2.035s] [34mcolcon.colcon_core.shell[0m [1;30mINFO[0m Creating package script '/workspaces/grasp_jaka_ws/install/jaka_zu12_tf_tools/share/jaka_zu12_tf_tools/package.bash'
[2.036s] [34mcolcon.colcon_core.shell[0m [1;30mINFO[0m Creating package script '/workspaces/grasp_jaka_ws/install/jaka_zu12_tf_tools/share/jaka_zu12_tf_tools/package.zsh'
[2.037s] [34mcolcon.colcon_core.environment[0m [1;30mLevel 1[0m create_file_with_runtime_dependencies(/workspaces/grasp_jaka_ws/install/jaka_zu12_tf_tools/share/colcon-core/packages/jaka_zu12_tf_tools)
[2.038s] [34mcolcon.colcon_parallel_executor.executor.parallel[0m [1;30mDEBUG[0m [32mclosing loop[0m
[2.039s] [34mcolcon.colcon_parallel_executor.executor.parallel[0m [1;30mDEBUG[0m [32mloop closed[0m
[2.039s] [34mcolcon.colcon_parallel_executor.executor.parallel[0m [1;30mDEBUG[0m [32mrun_until_complete finished with '0'[0m
[2.039s] [34mcolcon.colcon_core.event_reactor[0m [1;30mDEBUG[0m [32mjoining thread[0m
[2.056s] [34mcolcon.colcon_core.plugin_system[0m [1;30mINFO[0m Skipping extension 'colcon_notification.desktop_notification.notify_send': Could not find 'notify-send'
[2.056s] [34mcolcon.colcon_core.plugin_system[0m [1;30mINFO[0m Skipping extension 'colcon_notification.desktop_notification.terminal_notifier': Not used on non-Darwin systems
[2.056s] [34mcolcon.colcon_core.plugin_system[0m [1;30mINFO[0m Skipping extension 'colcon_notification.desktop_notification.win32': Not used on non-Windows systems
[2.056s] [34mcolcon.colcon_notification.desktop_notification[0m [1;30mINFO[0m Sending desktop notification using 'notify2'
[2.060s] [34mcolcon.colcon_notification.desktop_notification.notify2[0m [1;30mDEBUG[0m [32mFailed to initialize notify2: org.freedesktop.DBus.Error.Spawn.ExecFailed: /usr/bin/dbus-launch terminated abnormally without any error message[0m
[2.060s] [34mcolcon.colcon_core.event_reactor[0m [1;30mDEBUG[0m [32mjoined thread[0m
[2.061s] [34mcolcon.colcon_core.shell[0m [1;30mINFO[0m Creating prefix script '/workspaces/grasp_jaka_ws/install/local_setup.ps1'
[2.063s] [34mcolcon.colcon_core.shell[0m [1;30mINFO[0m Creating prefix util module '/workspaces/grasp_jaka_ws/install/_local_setup_util_ps1.py'
[2.064s] [34mcolcon.colcon_core.shell[0m [1;30mINFO[0m Creating prefix chain script '/workspaces/grasp_jaka_ws/install/setup.ps1'
[2.066s] [34mcolcon.colcon_core.shell[0m [1;30mINFO[0m Creating prefix script '/workspaces/grasp_jaka_ws/install/local_setup.sh'
[2.067s] [34mcolcon.colcon_core.shell[0m [1;30mINFO[0m Creating prefix util module '/workspaces/grasp_jaka_ws/install/_local_setup_util_sh.py'
[2.068s] [34mcolcon.colcon_core.shell[0m [1;30mINFO[0m Creating prefix chain script '/workspaces/grasp_jaka_ws/install/setup.sh'
[2.069s] [34mcolcon.colcon_core.shell[0m [1;30mINFO[0m Creating prefix script '/workspaces/grasp_jaka_ws/install/local_setup.bash'
[2.070s] [34mcolcon.colcon_core.shell[0m [1;30mINFO[0m Creating prefix chain script '/workspaces/grasp_jaka_ws/install/setup.bash'
[2.071s] [34mcolcon.colcon_core.shell[0m [1;30mINFO[0m Creating prefix script '/workspaces/grasp_jaka_ws/install/local_setup.zsh'
[2.072s] [34mcolcon.colcon_core.shell[0m [1;30mINFO[0m Creating prefix chain script '/workspaces/grasp_jaka_ws/install/setup.zsh'
